This is pdfTeX, Version 3.141592653-2.6-1.40.23 (MiKTeX 21.8) (preloaded format=pdflatex 2021.10.7)  24 MAY 2022 20:55
entering extended mode
**"c:/ALBERTO/3) UNIVERSITY/TFG/PRESENTACION/Plantilla_LaTeX_Beamer_TFG_Presentacion_ETSII_URJC.tex"
(c:/ALBERTO/3) UNIVERSITY/TFG/PRESENTACION/Plantilla_LaTeX_Beamer_TFG_Presentacion_ETSII_URJC.tex
LaTeX2e <2021-06-01> patch level 1
L3 programming layer <2021-08-27> (C:\Users\alber\AppData\Local\Programs\MiKTeX\tex/latex/beamer\beamer.cls
Document Class: beamer 2022/02/08 v3.66 A class for typesetting presentations
(C:\Users\alber\AppData\Local\Programs\MiKTeX\tex/latex/beamer\beamerbasemodes.sty (C:\Users\alber\AppData\Local\Programs\MiKTeX\tex/latex/etoolbox\etoolbox.sty
Package: etoolbox 2020/10/05 v2.5k e-TeX tools for LaTeX (JAW)
\etb@tempcnta=\count182
)
\beamer@tempbox=\box50
\beamer@tempcount=\count183
\c@beamerpauses=\count184
 (C:\Users\alber\AppData\Local\Programs\MiKTeX\tex/latex/beamer\beamerbasedecode.sty
\beamer@slideinframe=\count185
\beamer@minimum=\count186
\beamer@decode@box=\box51
)
\beamer@commentbox=\box52
\beamer@modecount=\count187
) (C:\Users\alber\AppData\Local\Programs\MiKTeX\tex/generic/iftex\iftex.sty
Package: iftex 2020/03/06 v1.0d TeX engine tests
)
\headdp=\dimen138
\footheight=\dimen139
\sidebarheight=\dimen140
\beamer@tempdim=\dimen141
\beamer@finalheight=\dimen142
\beamer@animht=\dimen143
\beamer@animdp=\dimen144
\beamer@animwd=\dimen145
\beamer@leftmargin=\dimen146
\beamer@rightmargin=\dimen147
\beamer@leftsidebar=\dimen148
\beamer@rightsidebar=\dimen149
\beamer@boxsize=\dimen150
\beamer@vboxoffset=\dimen151
\beamer@descdefault=\dimen152
\beamer@descriptionwidth=\dimen153
\beamer@lastskip=\skip47
\beamer@areabox=\box53
\beamer@animcurrent=\box54
\beamer@animshowbox=\box55
\beamer@sectionbox=\box56
\beamer@logobox=\box57
\beamer@linebox=\box58
\beamer@sectioncount=\count188
\beamer@subsubsectionmax=\count189
\beamer@subsectionmax=\count190
\beamer@sectionmax=\count191
\beamer@totalheads=\count192
\beamer@headcounter=\count193
\beamer@partstartpage=\count194
\beamer@sectionstartpage=\count195
\beamer@subsectionstartpage=\count196
\beamer@animationtempa=\count197
\beamer@animationtempb=\count198
\beamer@xpos=\count199
\beamer@ypos=\count266
\beamer@ypos@offset=\count267
\beamer@showpartnumber=\count268
\beamer@currentsubsection=\count269
\beamer@coveringdepth=\count270
\beamer@sectionadjust=\count271
\beamer@toclastsection=\count272
\beamer@tocsectionnumber=\count273
 (C:\Users\alber\AppData\Local\Programs\MiKTeX\tex/latex/beamer\beamerbaseoptions.sty (C:\Users\alber\AppData\Local\Programs\MiKTeX\tex/latex/graphics\keyval.sty
Package: keyval 2014/10/28 v1.15 key=value parser (DPC)
\KV@toks@=\toks16
))
\beamer@paperwidth=\skip48
\beamer@paperheight=\skip49
 (C:\Users\alber\AppData\Local\Programs\MiKTeX\tex/latex/geometry\geometry.sty
Package: geometry 2020/01/02 v5.9 Page Geometry
 (C:\Users\alber\AppData\Local\Programs\MiKTeX\tex/generic/iftex\ifvtex.sty
Package: ifvtex 2019/10/25 v1.7 ifvtex legacy package. Use iftex instead.
)
\Gm@cnth=\count274
\Gm@cntv=\count275
\c@Gm@tempcnt=\count276
\Gm@bindingoffset=\dimen154
\Gm@wd@mp=\dimen155
\Gm@odd@mp=\dimen156
\Gm@even@mp=\dimen157
\Gm@layoutwidth=\dimen158
\Gm@layoutheight=\dimen159
\Gm@layouthoffset=\dimen160
\Gm@layoutvoffset=\dimen161
\Gm@dimlist=\toks17
 (C:\Users\alber\AppData\Local\Programs\MiKTeX\tex/latex/geometry\geometry.cfg)) (C:\Users\alber\AppData\Local\Programs\MiKTeX\tex/latex/pgf/math\pgfmath.sty (C:\Users\alber\AppData\Local\Programs\MiKTeX\tex/latex/pgf/utilities\pgfrcs.sty (C:\Users\alber\AppData\Local\Programs\MiKTeX\tex/generic/pgf/utilities\pgfutil-common.tex
\pgfutil@everybye=\toks18
\pgfutil@tempdima=\dimen162
\pgfutil@tempdimb=\dimen163
 (C:\Users\alber\AppData\Local\Programs\MiKTeX\tex/generic/pgf/utilities\pgfutil-common-lists.tex)) (C:\Users\alber\AppData\Local\Programs\MiKTeX\tex/generic/pgf/utilities\pgfutil-latex.def
\pgfutil@abb=\box59
) (C:\Users\alber\AppData\Local\Programs\MiKTeX\tex/generic/pgf/utilities\pgfrcs.code.tex (C:\Users\alber\AppData\Local\Programs\MiKTeX\tex/generic/pgf\pgf.revision.tex)
Package: pgfrcs 2021/05/15 v3.1.9a (3.1.9a)
)) (C:\Users\alber\AppData\Local\Programs\MiKTeX\tex/latex/pgf/utilities\pgfkeys.sty (C:\Users\alber\AppData\Local\Programs\MiKTeX\tex/generic/pgf/utilities\pgfkeys.code.tex
\pgfkeys@pathtoks=\toks19
\pgfkeys@temptoks=\toks20
 (C:\Users\alber\AppData\Local\Programs\MiKTeX\tex/generic/pgf/utilities\pgfkeysfiltered.code.tex
\pgfkeys@tmptoks=\toks21
))) (C:\Users\alber\AppData\Local\Programs\MiKTeX\tex/generic/pgf/math\pgfmath.code.tex (C:\Users\alber\AppData\Local\Programs\MiKTeX\tex/generic/pgf/math\pgfmathcalc.code.tex (C:\Users\alber\AppData\Local\Programs\MiKTeX\tex/generic/pgf/math\pgfmathutil.code.tex
\pgf@x=\dimen164
\pgf@xa=\dimen165
\pgf@xb=\dimen166
\pgf@xc=\dimen167
\pgf@y=\dimen168
\pgf@ya=\dimen169
\pgf@yb=\dimen170
\pgf@yc=\dimen171
\c@pgf@counta=\count277
\c@pgf@countb=\count278
\c@pgf@countc=\count279
\c@pgf@countd=\count280
) (C:\Users\alber\AppData\Local\Programs\MiKTeX\tex/generic/pgf/math\pgfmathparser.code.tex
\pgfmath@dimen=\dimen172
\pgfmath@count=\count281
\pgfmath@box=\box60
\pgfmath@toks=\toks22
\pgfmath@stack@operand=\toks23
\pgfmath@stack@operation=\toks24
) (C:\Users\alber\AppData\Local\Programs\MiKTeX\tex/generic/pgf/math\pgfmathfunctions.code.tex (C:\Users\alber\AppData\Local\Programs\MiKTeX\tex/generic/pgf/math\pgfmathfunctions.basic.code.tex) (C:\Users\alber\AppData\Local\Programs\MiKTeX\tex/generic/pgf/math\pgfmathfunctions.trigonometric.code.tex) (C:\Users\alber\AppData\Local\Programs\MiKTeX\tex/generic/pgf/math\pgfmathfunctions.random.code.tex) (C:\Users\alber\AppData\Local\Programs\MiKTeX\tex/generic/pgf/math\pgfmathfunctions.comparison.code.tex) (C:\Users\alber\AppData\Local\Programs\MiKTeX\tex/generic/pgf/math\pgfmathfunctions.base.code.tex) (C:\Users\alber\AppData\Local\Programs\MiKTeX\tex/generic/pgf/math\pgfmathfunctions.round.code.tex) (C:\Users\alber\AppData\Local\Programs\MiKTeX\tex/generic/pgf/math\pgfmathfunctions.misc.code.tex) (C:\Users\alber\AppData\Local\Programs\MiKTeX\tex/generic/pgf/math\pgfmathfunctions.integerarithmetics.code.tex))) (C:\Users\alber\AppData\Local\Programs\MiKTeX\tex/generic/pgf/math\pgfmathfloat.code.tex
\c@pgfmathroundto@lastzeros=\count282
))) (C:\Users\alber\AppData\Local\Programs\MiKTeX\tex/latex/base\size11.clo
File: size11.clo 2021/02/12 v1.4n Standard LaTeX file (size option)
) (C:\Users\alber\AppData\Local\Programs\MiKTeX\tex/latex/pgf/basiclayer\pgfcore.sty (C:\Users\alber\AppData\Local\Programs\MiKTeX\tex/latex/graphics\graphicx.sty
Package: graphicx 2020/12/05 v1.2c Enhanced LaTeX Graphics (DPC,SPQR)
 (C:\Users\alber\AppData\Local\Programs\MiKTeX\tex/latex/graphics\graphics.sty
Package: graphics 2021/03/04 v1.4d Standard LaTeX Graphics (DPC,SPQR)
 (C:\Users\alber\AppData\Local\Programs\MiKTeX\tex/latex/graphics\trig.sty
Package: trig 2016/01/03 v1.10 sin cos tan (DPC)
) (C:\Users\alber\AppData\Local\Programs\MiKTeX\tex/latex/graphics-cfg\graphics.cfg
File: graphics.cfg 2016/06/04 v1.11 sample graphics configuration
)
Package graphics Info: Driver file: pdftex.def on input line 107.
 (C:\Users\alber\AppData\Local\Programs\MiKTeX\tex/latex/graphics-def\pdftex.def
File: pdftex.def 2020/10/05 v1.2a Graphics/color driver for pdftex
))
\Gin@req@height=\dimen173
\Gin@req@width=\dimen174
) (C:\Users\alber\AppData\Local\Programs\MiKTeX\tex/latex/pgf/systemlayer\pgfsys.sty (C:\Users\alber\AppData\Local\Programs\MiKTeX\tex/generic/pgf/systemlayer\pgfsys.code.tex
Package: pgfsys 2021/05/15 v3.1.9a (3.1.9a)
 (C:\Users\alber\AppData\Local\Programs\MiKTeX\tex/generic/pgf/utilities\pgfkeys.code.tex)
\pgf@x=\dimen175
\pgf@y=\dimen176
\pgf@xa=\dimen177
\pgf@ya=\dimen178
\pgf@xb=\dimen179
\pgf@yb=\dimen180
\pgf@xc=\dimen181
\pgf@yc=\dimen182
\pgf@xd=\dimen183
\pgf@yd=\dimen184
\w@pgf@writea=\write3
\r@pgf@reada=\read2
\c@pgf@counta=\count283
\c@pgf@countb=\count284
\c@pgf@countc=\count285
\c@pgf@countd=\count286
\t@pgf@toka=\toks25
\t@pgf@tokb=\toks26
\t@pgf@tokc=\toks27
\pgf@sys@id@count=\count287
 (C:\Users\alber\AppData\Local\Programs\MiKTeX\tex/generic/pgf/systemlayer\pgf.cfg
File: pgf.cfg 2021/05/15 v3.1.9a (3.1.9a)
)
Driver file for pgf: pgfsys-pdftex.def
 (C:\Users\alber\AppData\Local\Programs\MiKTeX\tex/generic/pgf/systemlayer\pgfsys-pdftex.def
File: pgfsys-pdftex.def 2021/05/15 v3.1.9a (3.1.9a)
 (C:\Users\alber\AppData\Local\Programs\MiKTeX\tex/generic/pgf/systemlayer\pgfsys-common-pdf.def
File: pgfsys-common-pdf.def 2021/05/15 v3.1.9a (3.1.9a)
))) (C:\Users\alber\AppData\Local\Programs\MiKTeX\tex/generic/pgf/systemlayer\pgfsyssoftpath.code.tex
File: pgfsyssoftpath.code.tex 2021/05/15 v3.1.9a (3.1.9a)
\pgfsyssoftpath@smallbuffer@items=\count288
\pgfsyssoftpath@bigbuffer@items=\count289
) (C:\Users\alber\AppData\Local\Programs\MiKTeX\tex/generic/pgf/systemlayer\pgfsysprotocol.code.tex
File: pgfsysprotocol.code.tex 2021/05/15 v3.1.9a (3.1.9a)
)) (C:\Users\alber\AppData\Local\Programs\MiKTeX\tex/latex/xcolor\xcolor.sty
Package: xcolor 2016/05/11 v2.12 LaTeX color extensions (UK)
 (C:\Users\alber\AppData\Local\Programs\MiKTeX\tex/latex/graphics-cfg\color.cfg
File: color.cfg 2016/01/02 v1.6 sample color configuration
)
Package xcolor Info: Driver file: pdftex.def on input line 225.
Package xcolor Info: Model `cmy' substituted by `cmy0' on input line 1348.
Package xcolor Info: Model `hsb' substituted by `rgb' on input line 1352.
Package xcolor Info: Model `RGB' extended on input line 1364.
Package xcolor Info: Model `HTML' substituted by `rgb' on input line 1366.
Package xcolor Info: Model `Hsb' substituted by `hsb' on input line 1367.
Package xcolor Info: Model `tHsb' substituted by `hsb' on input line 1368.
Package xcolor Info: Model `HSB' substituted by `hsb' on input line 1369.
Package xcolor Info: Model `Gray' substituted by `gray' on input line 1370.
Package xcolor Info: Model `wave' substituted by `hsb' on input line 1371.
 (C:\Users\alber\AppData\Local\Programs\MiKTeX\tex/latex/xcolor\svgnam.def
File: svgnam.def 2016/05/11 v2.12 Predefined colors according to SVG 1.1 (UK)
)) (C:\Users\alber\AppData\Local\Programs\MiKTeX\tex/generic/pgf/basiclayer\pgfcore.code.tex
Package: pgfcore 2021/05/15 v3.1.9a (3.1.9a)
 (C:\Users\alber\AppData\Local\Programs\MiKTeX\tex/generic/pgf/math\pgfmath.code.tex) (C:\Users\alber\AppData\Local\Programs\MiKTeX\tex/generic/pgf/math\pgfint.code.tex) (C:\Users\alber\AppData\Local\Programs\MiKTeX\tex/generic/pgf/basiclayer\pgfcorepoints.code.tex
File: pgfcorepoints.code.tex 2021/05/15 v3.1.9a (3.1.9a)
\pgf@picminx=\dimen185
\pgf@picmaxx=\dimen186
\pgf@picminy=\dimen187
\pgf@picmaxy=\dimen188
\pgf@pathminx=\dimen189
\pgf@pathmaxx=\dimen190
\pgf@pathminy=\dimen191
\pgf@pathmaxy=\dimen192
\pgf@xx=\dimen193
\pgf@xy=\dimen194
\pgf@yx=\dimen195
\pgf@yy=\dimen196
\pgf@zx=\dimen197
\pgf@zy=\dimen198
) (C:\Users\alber\AppData\Local\Programs\MiKTeX\tex/generic/pgf/basiclayer\pgfcorepathconstruct.code.tex
File: pgfcorepathconstruct.code.tex 2021/05/15 v3.1.9a (3.1.9a)
\pgf@path@lastx=\dimen199
\pgf@path@lasty=\dimen256
) (C:\Users\alber\AppData\Local\Programs\MiKTeX\tex/generic/pgf/basiclayer\pgfcorepathusage.code.tex
File: pgfcorepathusage.code.tex 2021/05/15 v3.1.9a (3.1.9a)
\pgf@shorten@end@additional=\dimen257
\pgf@shorten@start@additional=\dimen258
) (C:\Users\alber\AppData\Local\Programs\MiKTeX\tex/generic/pgf/basiclayer\pgfcorescopes.code.tex
File: pgfcorescopes.code.tex 2021/05/15 v3.1.9a (3.1.9a)
\pgfpic=\box61
\pgf@hbox=\box62
\pgf@layerbox@main=\box63
\pgf@picture@serial@count=\count290
) (C:\Users\alber\AppData\Local\Programs\MiKTeX\tex/generic/pgf/basiclayer\pgfcoregraphicstate.code.tex
File: pgfcoregraphicstate.code.tex 2021/05/15 v3.1.9a (3.1.9a)
\pgflinewidth=\dimen259
) (C:\Users\alber\AppData\Local\Programs\MiKTeX\tex/generic/pgf/basiclayer\pgfcoretransformations.code.tex
File: pgfcoretransformations.code.tex 2021/05/15 v3.1.9a (3.1.9a)
\pgf@pt@x=\dimen260
\pgf@pt@y=\dimen261
\pgf@pt@temp=\dimen262
) (C:\Users\alber\AppData\Local\Programs\MiKTeX\tex/generic/pgf/basiclayer\pgfcorequick.code.tex
File: pgfcorequick.code.tex 2021/05/15 v3.1.9a (3.1.9a)
) (C:\Users\alber\AppData\Local\Programs\MiKTeX\tex/generic/pgf/basiclayer\pgfcoreobjects.code.tex
File: pgfcoreobjects.code.tex 2021/05/15 v3.1.9a (3.1.9a)
) (C:\Users\alber\AppData\Local\Programs\MiKTeX\tex/generic/pgf/basiclayer\pgfcorepathprocessing.code.tex
File: pgfcorepathprocessing.code.tex 2021/05/15 v3.1.9a (3.1.9a)
) (C:\Users\alber\AppData\Local\Programs\MiKTeX\tex/generic/pgf/basiclayer\pgfcorearrows.code.tex
File: pgfcorearrows.code.tex 2021/05/15 v3.1.9a (3.1.9a)
\pgfarrowsep=\dimen263
) (C:\Users\alber\AppData\Local\Programs\MiKTeX\tex/generic/pgf/basiclayer\pgfcoreshade.code.tex
File: pgfcoreshade.code.tex 2021/05/15 v3.1.9a (3.1.9a)
\pgf@max=\dimen264
\pgf@sys@shading@range@num=\count291
\pgf@shadingcount=\count292
) (C:\Users\alber\AppData\Local\Programs\MiKTeX\tex/generic/pgf/basiclayer\pgfcoreimage.code.tex
File: pgfcoreimage.code.tex 2021/05/15 v3.1.9a (3.1.9a)
 (C:\Users\alber\AppData\Local\Programs\MiKTeX\tex/generic/pgf/basiclayer\pgfcoreexternal.code.tex
File: pgfcoreexternal.code.tex 2021/05/15 v3.1.9a (3.1.9a)
\pgfexternal@startupbox=\box64
)) (C:\Users\alber\AppData\Local\Programs\MiKTeX\tex/generic/pgf/basiclayer\pgfcorelayers.code.tex
File: pgfcorelayers.code.tex 2021/05/15 v3.1.9a (3.1.9a)
) (C:\Users\alber\AppData\Local\Programs\MiKTeX\tex/generic/pgf/basiclayer\pgfcoretransparency.code.tex
File: pgfcoretransparency.code.tex 2021/05/15 v3.1.9a (3.1.9a)
) (C:\Users\alber\AppData\Local\Programs\MiKTeX\tex/generic/pgf/basiclayer\pgfcorepatterns.code.tex
File: pgfcorepatterns.code.tex 2021/05/15 v3.1.9a (3.1.9a)
) (C:\Users\alber\AppData\Local\Programs\MiKTeX\tex/generic/pgf/basiclayer\pgfcorerdf.code.tex
File: pgfcorerdf.code.tex 2021/05/15 v3.1.9a (3.1.9a)
))) (C:\Users\alber\AppData\Local\Programs\MiKTeX\tex/latex/pgf/utilities\xxcolor.sty
Package: xxcolor 2003/10/24 ver 0.1
\XC@nummixins=\count293
\XC@countmixins=\count294
) (C:\Users\alber\AppData\Local\Programs\MiKTeX\tex/latex/base\atbegshi-ltx.sty
Package: atbegshi-ltx 2021/01/10 v1.0c Emulation of the original atbegshi
package with kernel methods
) (C:\Users\alber\AppData\Local\Programs\MiKTeX\tex/latex/hyperref\hyperref.sty
Package: hyperref 2021-06-07 v7.00m Hypertext links for LaTeX
 (C:\Users\alber\AppData\Local\Programs\MiKTeX\tex/generic/ltxcmds\ltxcmds.sty
Package: ltxcmds 2020-05-10 v1.25 LaTeX kernel commands for general use (HO)
) (C:\Users\alber\AppData\Local\Programs\MiKTeX\tex/generic/pdftexcmds\pdftexcmds.sty
Package: pdftexcmds 2020-06-27 v0.33 Utility functions of pdfTeX for LuaTeX (HO)
 (C:\Users\alber\AppData\Local\Programs\MiKTeX\tex/generic/infwarerr\infwarerr.sty
Package: infwarerr 2019/12/03 v1.5 Providing info/warning/error messages (HO)
)
Package pdftexcmds Info: \pdf@primitive is available.
Package pdftexcmds Info: \pdf@ifprimitive is available.
Package pdftexcmds Info: \pdfdraftmode found.
) (C:\Users\alber\AppData\Local\Programs\MiKTeX\tex/generic/kvsetkeys\kvsetkeys.sty
Package: kvsetkeys 2019/12/15 v1.18 Key value parser (HO)
) (C:\Users\alber\AppData\Local\Programs\MiKTeX\tex/generic/kvdefinekeys\kvdefinekeys.sty
Package: kvdefinekeys 2019-12-19 v1.6 Define keys (HO)
) (C:\Users\alber\AppData\Local\Programs\MiKTeX\tex/generic/pdfescape\pdfescape.sty
Package: pdfescape 2019/12/09 v1.15 Implements pdfTeX's escape features (HO)
) (C:\Users\alber\AppData\Local\Programs\MiKTeX\tex/latex/hycolor\hycolor.sty
Package: hycolor 2020-01-27 v1.10 Color options for hyperref/bookmark (HO)
) (C:\Users\alber\AppData\Local\Programs\MiKTeX\tex/latex/letltxmacro\letltxmacro.sty
Package: letltxmacro 2019/12/03 v1.6 Let assignment for LaTeX macros (HO)
) (C:\Users\alber\AppData\Local\Programs\MiKTeX\tex/latex/auxhook\auxhook.sty
Package: auxhook 2019-12-17 v1.6 Hooks for auxiliary files (HO)
) (C:\Users\alber\AppData\Local\Programs\MiKTeX\tex/latex/kvoptions\kvoptions.sty
Package: kvoptions 2020-10-07 v3.14 Key value format for package options (HO)
)
\@linkdim=\dimen265
\Hy@linkcounter=\count295
\Hy@pagecounter=\count296
 (C:\Users\alber\AppData\Local\Programs\MiKTeX\tex/latex/hyperref\pd1enc.def
File: pd1enc.def 2021-06-07 v7.00m Hyperref: PDFDocEncoding definition (HO)
Now handling font encoding PD1 ...
... no UTF-8 mapping file for font encoding PD1
) (C:\Users\alber\AppData\Local\Programs\MiKTeX\tex/latex/hyperref\hyperref-langpatches.def
File: hyperref-langpatches.def 2021-06-07 v7.00m Hyperref: patches for babel languages
) (C:\Users\alber\AppData\Local\Programs\MiKTeX\tex/generic/intcalc\intcalc.sty
Package: intcalc 2019/12/15 v1.3 Expandable calculations with integers (HO)
) (C:\Users\alber\AppData\Local\Programs\MiKTeX\tex/generic/etexcmds\etexcmds.sty
Package: etexcmds 2019/12/15 v1.7 Avoid name clashes with e-TeX commands (HO)
)
\Hy@SavedSpaceFactor=\count297
 (C:\Users\alber\AppData\Local\Programs\MiKTeX\tex/latex/hyperref\puenc.def
File: puenc.def 2021-06-07 v7.00m Hyperref: PDF Unicode definition (HO)
Now handling font encoding PU ...
... no UTF-8 mapping file for font encoding PU
)
Package hyperref Info: Option `bookmarks' set `true' on input line 4073.
Package hyperref Info: Option `bookmarksopen' set `true' on input line 4073.
Package hyperref Info: Option `implicit' set `false' on input line 4073.
Package hyperref Info: Hyper figures OFF on input line 4192.
Package hyperref Info: Link nesting OFF on input line 4197.
Package hyperref Info: Hyper index ON on input line 4200.
Package hyperref Info: Plain pages OFF on input line 4207.
Package hyperref Info: Backreferencing OFF on input line 4212.
Package hyperref Info: Implicit mode OFF; no redefinition of LaTeX internals.
Package hyperref Info: Bookmarks ON on input line 4445.
\c@Hy@tempcnt=\count298
 (C:\Users\alber\AppData\Local\Programs\MiKTeX\tex/latex/url\url.sty
\Urlmuskip=\muskip16
Package: url 2013/09/16  ver 3.4  Verb mode for urls, etc.
)
LaTeX Info: Redefining \url on input line 4804.
\XeTeXLinkMargin=\dimen266
 (C:\Users\alber\AppData\Local\Programs\MiKTeX\tex/generic/bitset\bitset.sty
Package: bitset 2019/12/09 v1.3 Handle bit-vector datatype (HO)
 (C:\Users\alber\AppData\Local\Programs\MiKTeX\tex/generic/bigintcalc\bigintcalc.sty
Package: bigintcalc 2019/12/15 v1.5 Expandable calculations on big integers (HO)
))
\Fld@menulength=\count299
\Field@Width=\dimen267
\Fld@charsize=\dimen268
Package hyperref Info: Hyper figures OFF on input line 6076.
Package hyperref Info: Link nesting OFF on input line 6081.
Package hyperref Info: Hyper index ON on input line 6084.
Package hyperref Info: backreferencing OFF on input line 6091.
Package hyperref Info: Link coloring OFF on input line 6096.
Package hyperref Info: Link coloring with OCG OFF on input line 6101.
Package hyperref Info: PDF/A mode OFF on input line 6106.
LaTeX Info: Redefining \ref on input line 6146.
LaTeX Info: Redefining \pageref on input line 6150.
\Hy@abspage=\count300


Package hyperref Message: Stopped early.

)
Package hyperref Info: Driver (autodetected): hpdftex.
 (C:\Users\alber\AppData\Local\Programs\MiKTeX\tex/latex/hyperref\hpdftex.def
File: hpdftex.def 2021-06-07 v7.00m Hyperref driver for pdfTeX
 (C:\Users\alber\AppData\Local\Programs\MiKTeX\tex/latex/base\atveryend-ltx.sty
Package: atveryend-ltx 2020/08/19 v1.0a Emulation of the original atvery package
with kernel methods
)
\Fld@listcount=\count301
\c@bookmark@seq@number=\count302
 (C:\Users\alber\AppData\Local\Programs\MiKTeX\tex/latex/rerunfilecheck\rerunfilecheck.sty
Package: rerunfilecheck 2019/12/05 v1.9 Rerun checks for auxiliary files (HO)
 (C:\Users\alber\AppData\Local\Programs\MiKTeX\tex/generic/uniquecounter\uniquecounter.sty
Package: uniquecounter 2019/12/15 v1.4 Provide unlimited unique counter (HO)
)
Package uniquecounter Info: New unique counter `rerunfilecheck' on input line 286.
)) (C:\Users\alber\AppData\Local\Programs\MiKTeX\tex/latex/beamer\beamerbaserequires.sty (C:\Users\alber\AppData\Local\Programs\MiKTeX\tex/latex/beamer\beamerbasecompatibility.sty) (C:\Users\alber\AppData\Local\Programs\MiKTeX\tex/latex/beamer\beamerbasefont.sty (C:\Users\alber\AppData\Local\Programs\MiKTeX\tex/latex/amsfonts\amssymb.sty
Package: amssymb 2013/01/14 v3.01 AMS font symbols
 (C:\Users\alber\AppData\Local\Programs\MiKTeX\tex/latex/amsfonts\amsfonts.sty
Package: amsfonts 2013/01/14 v3.01 Basic AMSFonts support
\@emptytoks=\toks28
\symAMSa=\mathgroup4
\symAMSb=\mathgroup5
LaTeX Font Info:    Redeclaring math symbol \hbar on input line 98.
LaTeX Font Info:    Overwriting math alphabet `\mathfrak' in version `bold'
(Font)                  U/euf/m/n --> U/euf/b/n on input line 106.
)) (C:\Users\alber\AppData\Local\Programs\MiKTeX\tex/latex/sansmathaccent\sansmathaccent.sty
Package: sansmathaccent 2020/01/31
 (C:\Users\alber\AppData\Local\Programs\MiKTeX\tex/latex/koma-script\scrlfile.sty
Package: scrlfile 2022/05/01 v3.36 KOMA-Script package (file load hooks)
 (C:\Users\alber\AppData\Local\Programs\MiKTeX\tex/latex/koma-script\scrlfile-hook-3.34.sty
Package: scrlfile-hook-3.34 2022/05/01 v3.36 KOMA-Script package (using LaTeX hooks)
 (C:\Users\alber\AppData\Local\Programs\MiKTeX\tex/latex/koma-script\scrlogo.sty
Package: scrlogo 2022/05/01 v3.36 KOMA-Script package (logo)
))))) (C:\Users\alber\AppData\Local\Programs\MiKTeX\tex/latex/beamer\beamerbasetranslator.sty (C:\Users\alber\AppData\Local\Programs\MiKTeX\tex/latex/translator\translator.sty
Package: translator 2021-05-31 v1.12d Easy translation of strings in LaTeX
)) (C:\Users\alber\AppData\Local\Programs\MiKTeX\tex/latex/beamer\beamerbasemisc.sty) (C:\Users\alber\AppData\Local\Programs\MiKTeX\tex/latex/beamer\beamerbasetwoscreens.sty) (C:\Users\alber\AppData\Local\Programs\MiKTeX\tex/latex/beamer\beamerbaseoverlay.sty
\beamer@argscount=\count303
\beamer@lastskipcover=\skip50
\beamer@trivlistdepth=\count304
) (C:\Users\alber\AppData\Local\Programs\MiKTeX\tex/latex/beamer\beamerbasetitle.sty) (C:\Users\alber\AppData\Local\Programs\MiKTeX\tex/latex/beamer\beamerbasesection.sty
\c@lecture=\count305
\c@part=\count306
\c@section=\count307
\c@subsection=\count308
\c@subsubsection=\count309
) (C:\Users\alber\AppData\Local\Programs\MiKTeX\tex/latex/beamer\beamerbaseframe.sty
\beamer@framebox=\box65
\beamer@frametitlebox=\box66
\beamer@zoombox=\box67
\beamer@zoomcount=\count310
\beamer@zoomframecount=\count311
\beamer@frametextheight=\dimen269
\c@subsectionslide=\count312
\beamer@frametopskip=\skip51
\beamer@framebottomskip=\skip52
\beamer@frametopskipautobreak=\skip53
\beamer@framebottomskipautobreak=\skip54
\beamer@envbody=\toks29
\framewidth=\dimen270
\c@framenumber=\count313
) (C:\Users\alber\AppData\Local\Programs\MiKTeX\tex/latex/beamer\beamerbaseverbatim.sty
\beamer@verbatimfileout=\write4
) (C:\Users\alber\AppData\Local\Programs\MiKTeX\tex/latex/beamer\beamerbaseframesize.sty
\beamer@splitbox=\box68
\beamer@autobreakcount=\count314
\beamer@autobreaklastheight=\dimen271
\beamer@frametitletoks=\toks30
\beamer@framesubtitletoks=\toks31
) (C:\Users\alber\AppData\Local\Programs\MiKTeX\tex/latex/beamer\beamerbaseframecomponents.sty
\beamer@footins=\box69
) (C:\Users\alber\AppData\Local\Programs\MiKTeX\tex/latex/beamer\beamerbasecolor.sty) (C:\Users\alber\AppData\Local\Programs\MiKTeX\tex/latex/beamer\beamerbasenotes.sty
\beamer@frameboxcopy=\box70
) (C:\Users\alber\AppData\Local\Programs\MiKTeX\tex/latex/beamer\beamerbasetoc.sty) (C:\Users\alber\AppData\Local\Programs\MiKTeX\tex/latex/beamer\beamerbasetemplates.sty
\beamer@sbttoks=\toks32
 (C:\Users\alber\AppData\Local\Programs\MiKTeX\tex/latex/beamer\beamerbaseauxtemplates.sty (C:\Users\alber\AppData\Local\Programs\MiKTeX\tex/latex/beamer\beamerbaseboxes.sty
\bmb@box=\box71
\bmb@colorbox=\box72
\bmb@boxwidth=\dimen272
\bmb@boxheight=\dimen273
\bmb@prevheight=\dimen274
\bmb@temp=\dimen275
\bmb@dima=\dimen276
\bmb@dimb=\dimen277
\bmb@prevheight=\dimen278
)
\beamer@blockheadheight=\dimen279
)) (C:\Users\alber\AppData\Local\Programs\MiKTeX\tex/latex/beamer\beamerbaselocalstructure.sty (C:\Users\alber\AppData\Local\Programs\MiKTeX\tex/latex/tools\enumerate.sty
Package: enumerate 2015/07/23 v3.00 enumerate extensions (DPC)
\@enLab=\toks33
)
\beamer@bibiconwidth=\skip55
\c@figure=\count315
\c@table=\count316
\abovecaptionskip=\skip56
\belowcaptionskip=\skip57
) (C:\Users\alber\AppData\Local\Programs\MiKTeX\tex/latex/beamer\beamerbasenavigation.sty
\beamer@section@min@dim=\dimen280
) (C:\Users\alber\AppData\Local\Programs\MiKTeX\tex/latex/beamer\beamerbasetheorems.sty (C:\Users\alber\AppData\Local\Programs\MiKTeX\tex/latex/amsmath\amsmath.sty
Package: amsmath 2021/04/20 v2.17j AMS math features
\@mathmargin=\skip58

For additional information on amsmath, use the `?' option.
(C:\Users\alber\AppData\Local\Programs\MiKTeX\tex/latex/amsmath\amstext.sty
Package: amstext 2000/06/29 v2.01 AMS text
 (C:\Users\alber\AppData\Local\Programs\MiKTeX\tex/latex/amsmath\amsgen.sty
File: amsgen.sty 1999/11/30 v2.0 generic functions
\@emptytoks=\toks34
\ex@=\dimen281
)) (C:\Users\alber\AppData\Local\Programs\MiKTeX\tex/latex/amsmath\amsbsy.sty
Package: amsbsy 1999/11/29 v1.2d Bold Symbols
\pmbraise@=\dimen282
) (C:\Users\alber\AppData\Local\Programs\MiKTeX\tex/latex/amsmath\amsopn.sty
Package: amsopn 2016/03/08 v2.02 operator names
)
\inf@bad=\count317
LaTeX Info: Redefining \frac on input line 234.
\uproot@=\count318
\leftroot@=\count319
LaTeX Info: Redefining \overline on input line 399.
\classnum@=\count320
\DOTSCASE@=\count321
LaTeX Info: Redefining \ldots on input line 496.
LaTeX Info: Redefining \dots on input line 499.
LaTeX Info: Redefining \cdots on input line 620.
\Mathstrutbox@=\box73
\strutbox@=\box74
\big@size=\dimen283
LaTeX Font Info:    Redeclaring font encoding OML on input line 743.
LaTeX Font Info:    Redeclaring font encoding OMS on input line 744.
\macc@depth=\count322
\c@MaxMatrixCols=\count323
\dotsspace@=\muskip17
\c@parentequation=\count324
\dspbrk@lvl=\count325
\tag@help=\toks35
\row@=\count326
\column@=\count327
\maxfields@=\count328
\andhelp@=\toks36
\eqnshift@=\dimen284
\alignsep@=\dimen285
\tagshift@=\dimen286
\tagwidth@=\dimen287
\totwidth@=\dimen288
\lineht@=\dimen289
\@envbody=\toks37
\multlinegap=\skip59
\multlinetaggap=\skip60
\mathdisplay@stack=\toks38
LaTeX Info: Redefining \[ on input line 2923.
LaTeX Info: Redefining \] on input line 2924.
) (C:\Users\alber\AppData\Local\Programs\MiKTeX\tex/latex/amscls\amsthm.sty
Package: amsthm 2020/05/29 v2.20.6
\thm@style=\toks39
\thm@bodyfont=\toks40
\thm@headfont=\toks41
\thm@notefont=\toks42
\thm@headpunct=\toks43
\thm@preskip=\skip61
\thm@postskip=\skip62
\thm@headsep=\skip63
\dth@everypar=\toks44
)
\c@theorem=\count329
) (C:\Users\alber\AppData\Local\Programs\MiKTeX\tex/latex/beamer\beamerbasethemes.sty)) (C:\Users\alber\AppData\Local\Programs\MiKTeX\tex/latex/beamer\beamerthemedefault.sty (C:\Users\alber\AppData\Local\Programs\MiKTeX\tex/latex/beamer\beamerfontthemedefault.sty) (C:\Users\alber\AppData\Local\Programs\MiKTeX\tex/latex/beamer\beamercolorthemedefault.sty) (C:\Users\alber\AppData\Local\Programs\MiKTeX\tex/latex/beamer\beamerinnerthemedefault.sty
\beamer@dima=\dimen290
\beamer@dimb=\dimen291
) (C:\Users\alber\AppData\Local\Programs\MiKTeX\tex/latex/beamer\beamerouterthemedefault.sty))) (C:\Users\alber\AppData\Local\Programs\MiKTeX\tex/latex/beamer\beamerthemeFrankfurt.sty (C:\Users\alber\AppData\Local\Programs\MiKTeX\tex/latex/beamer\beamerouterthemesmoothbars.sty) (C:\Users\alber\AppData\Local\Programs\MiKTeX\tex/latex/beamer\beamerinnerthemerounded.sty) (C:\Users\alber\AppData\Local\Programs\MiKTeX\tex/latex/beamer\beamercolorthemeorchid.sty) (C:\Users\alber\AppData\Local\Programs\MiKTeX\tex/latex/beamer\beamercolorthemewhale.sty)) (C:\Users\alber\AppData\Local\Programs\MiKTeX\tex/latex/beamer\beamercolorthemestructure.sty) (C:\Users\alber\AppData\Local\Programs\MiKTeX\tex/latex/beamer\beamerfontthemestructurebold.sty) (C:\Users\alber\AppData\Local\Programs\MiKTeX\tex/generic/babel\babel.sty
Package: babel 2021/07/22 3.63 The Babel package
 (C:\Users\alber\AppData\Local\Programs\MiKTeX\tex/generic/babel\babel.def
File: babel.def 2021/07/22 3.63 Babel common definitions
\babel@savecnt=\count330
\U@D=\dimen292
\l@unhyphenated=\language79
 (C:\Users\alber\AppData\Local\Programs\MiKTeX\tex/generic/babel\txtbabel.def)
\bbl@readstream=\read3
)
LaTeX Info: Redefining \textlatin on input line 730.
\bbl@dirlevel=\count331

*************************************
* Local config file bblopts.cfg used
*
(C:\Users\alber\AppData\Local\Programs\MiKTeX\tex/latex/arabi\bblopts.cfg
File: bblopts.cfg 2005/09/08 v0.1 add Arabic and Farsi to "declared" options of babel
) (C:\Users\alber\AppData\Local\Programs\MiKTeX\tex/latex/babel-spanish\spanish.ldf
Language: spanish.ldf 2021/05/27 v5.0q Spanish support from the babel system
\es@quottoks=\toks45
\es@quotdepth=\count332
Package babel Info: Making " an active character on input line 570.
Package babel Info: Making . an active character on input line 675.
Package babel Info: Making < an active character on input line 722.
Package babel Info: Making > an active character on input line 722.
)) (C:\Users\alber\AppData\Local\Programs\MiKTeX\tex/latex/base\inputenc.sty
Package: inputenc 2021/02/14 v1.3d Input encoding file
\inpenc@prehook=\toks46
\inpenc@posthook=\toks47
) (C:\Users\alber\AppData\Local\Programs\MiKTeX\tex/latex/beamer\multimedia.sty
Package: multimedia 2012/05/02 ver 0.02
 (C:\Users\alber\AppData\Local\Programs\MiKTeX\tex/generic/iftex\ifpdf.sty
Package: ifpdf 2019/10/25 v3.4 ifpdf legacy package. Use iftex instead.
)
\mm@movie=\count333
) (C:\Users\alber\AppData\Local\Programs\MiKTeX\tex/latex/pgf/utilities\pgfpages.sty
Package: pgfpages 2011/01/05 ver 0.02
 (C:\Users\alber\AppData\Local\Programs\MiKTeX\tex/latex/tools\calc.sty
Package: calc 2017/05/25 v4.3 Infix arithmetic (KKT,FJ)
\calc@Acount=\count334
\calc@Bcount=\count335
\calc@Adimen=\dimen293
\calc@Bdimen=\dimen294
\calc@Askip=\skip64
\calc@Bskip=\skip65
LaTeX Info: Redefining \setlength on input line 80.
LaTeX Info: Redefining \addtolength on input line 81.
\calc@Ccount=\count336
\calc@Cskip=\skip66
)
\pgf@logicalpages=\count337
\pgf@firstshipout=\count338
\pgf@lastshipout=\count339
\pgf@currentshipout=\count340
\pgf@cpn=\count341
\pgf@shipoutnextto=\count342
\pgfphysicalheight=\dimen295
\pgfphysicalwidth=\dimen296
\pgfpages@shipoutbox=\box75
) (C:\Users\alber\AppData\Local\Programs\MiKTeX\tex/latex/l3backend\l3backend-pdftex.def
File: l3backend-pdftex.def 2021-08-04 L3 backend support: PDF output (pdfTeX)
\l__color_backend_stack_int=\count343
\l__pdf_internal_box=\box76
) (c:\ALBERTO\3) UNIVERSITY\TFG\PRESENTACION\build\Plantilla_LaTeX_Beamer_TFG_Presentacion_ETSII_URJC.aux
LaTeX Info: Redefining \. on input line 25.
LaTeX Info: Redefining \% on input line 25.
)
\openout1 = `Plantilla_LaTeX_Beamer_TFG_Presentacion_ETSII_URJC.aux'.

LaTeX Font Info:    Checking defaults for OML/cmm/m/it on input line 156.
LaTeX Font Info:    ... okay on input line 156.
LaTeX Font Info:    Checking defaults for OMS/cmsy/m/n on input line 156.
LaTeX Font Info:    ... okay on input line 156.
LaTeX Font Info:    Checking defaults for OT1/cmr/m/n on input line 156.
LaTeX Font Info:    ... okay on input line 156.
LaTeX Font Info:    Checking defaults for T1/cmr/m/n on input line 156.
LaTeX Font Info:    ... okay on input line 156.
LaTeX Font Info:    Checking defaults for TS1/cmr/m/n on input line 156.
LaTeX Font Info:    ... okay on input line 156.
LaTeX Font Info:    Checking defaults for OMX/cmex/m/n on input line 156.
LaTeX Font Info:    ... okay on input line 156.
LaTeX Font Info:    Checking defaults for U/cmr/m/n on input line 156.
LaTeX Font Info:    ... okay on input line 156.
LaTeX Font Info:    Checking defaults for PD1/pdf/m/n on input line 156.
LaTeX Font Info:    ... okay on input line 156.
LaTeX Font Info:    Checking defaults for PU/pdf/m/n on input line 156.
LaTeX Font Info:    ... okay on input line 156.

*geometry* driver: auto-detecting
*geometry* detected driver: pdftex
*geometry* verbose mode - [ preamble ] result:
* driver: pdftex
* paper: custom
* layout: <same size as paper>
* layoutoffset:(h,v)=(0.0pt,0.0pt)
* modes: includehead includefoot 
* h-part:(L,W,R)=(28.45274pt, 307.28987pt, 28.45274pt)
* v-part:(T,H,B)=(0.0pt, 273.14662pt, 0.0pt)
* \paperwidth=364.19536pt
* \paperheight=273.14662pt
* \textwidth=307.28987pt
* \textheight=244.6939pt
* \oddsidemargin=-43.81725pt
* \evensidemargin=-43.81725pt
* \topmargin=-72.26999pt
* \headheight=14.22636pt
* \headsep=0.0pt
* \topskip=11.0pt
* \footskip=14.22636pt
* \marginparwidth=4.0pt
* \marginparsep=10.0pt
* \columnsep=10.0pt
* \skip\footins=10.0pt plus 4.0pt minus 2.0pt
* \hoffset=0.0pt
* \voffset=0.0pt
* \mag=1000
* \@twocolumnfalse
* \@twosidefalse
* \@mparswitchfalse
* \@reversemarginfalse
* (1in=72.27pt=25.4mm, 1cm=28.453pt)

(C:\Users\alber\AppData\Local\Programs\MiKTeX\tex/context/base/mkii\supp-pdf.mkii
[Loading MPS to PDF converter (version 2006.09.02).]
\scratchcounter=\count344
\scratchdimen=\dimen297
\scratchbox=\box77
\nofMPsegments=\count345
\nofMParguments=\count346
\everyMPshowfont=\toks48
\MPscratchCnt=\count347
\MPscratchDim=\dimen298
\MPnumerator=\count348
\makeMPintoPDFobject=\count349
\everyMPtoPDFconversion=\toks49
) (C:\Users\alber\AppData\Local\Programs\MiKTeX\tex/latex/epstopdf-pkg\epstopdf-base.sty
Package: epstopdf-base 2020-01-24 v2.11 Base part for package epstopdf
Package epstopdf-base Info: Redefining graphics rule for `.eps' on input line 485.
 (C:\Users\alber\AppData\Local\Programs\MiKTeX\tex/latex/00miktex\epstopdf-sys.cfg
File: epstopdf-sys.cfg 2021/03/18 v2.0 Configuration of epstopdf for MiKTeX
))
Package hyperref Info: Link coloring OFF on input line 156.
 (C:\Users\alber\AppData\Local\Programs\MiKTeX\tex/latex/hyperref\nameref.sty
Package: nameref 2021-04-02 v2.47 Cross-referencing by name of section
 (C:\Users\alber\AppData\Local\Programs\MiKTeX\tex/latex/refcount\refcount.sty
Package: refcount 2019/12/15 v3.6 Data extraction from label references (HO)
) (C:\Users\alber\AppData\Local\Programs\MiKTeX\tex/generic/gettitlestring\gettitlestring.sty
Package: gettitlestring 2019/12/15 v1.6 Cleanup title references (HO)
)
\c@section@level=\count350
)
LaTeX Info: Redefining \ref on input line 156.
LaTeX Info: Redefining \pageref on input line 156.
LaTeX Info: Redefining \nameref on input line 156.
 (c:\ALBERTO\3) UNIVERSITY\TFG\PRESENTACION\build\Plantilla_LaTeX_Beamer_TFG_Presentacion_ETSII_URJC.out) (c:\ALBERTO\3) UNIVERSITY\TFG\PRESENTACION\build\Plantilla_LaTeX_Beamer_TFG_Presentacion_ETSII_URJC.out)
\@outlinefile=\write5
\openout5 = `Plantilla_LaTeX_Beamer_TFG_Presentacion_ETSII_URJC.out'.

LaTeX Font Info:    Overwriting symbol font `operators' in version `normal'
(Font)                  OT1/cmr/m/n --> OT1/cmss/m/n on input line 156.
LaTeX Font Info:    Overwriting symbol font `operators' in version `bold'
(Font)                  OT1/cmr/bx/n --> OT1/cmss/b/n on input line 156.
\symnumbers=\mathgroup6
\sympureletters=\mathgroup7
LaTeX Font Info:    Overwriting math alphabet `\mathrm' in version `normal'
(Font)                  OT1/cmss/m/n --> OT1/cmr/m/n on input line 156.
LaTeX Font Info:    Redeclaring math alphabet \mathbf on input line 156.
LaTeX Font Info:    Overwriting math alphabet `\mathbf' in version `normal'
(Font)                  OT1/cmr/bx/n --> OT1/cmss/b/n on input line 156.
LaTeX Font Info:    Overwriting math alphabet `\mathbf' in version `bold'
(Font)                  OT1/cmr/bx/n --> OT1/cmss/b/n on input line 156.
LaTeX Font Info:    Redeclaring math alphabet \mathsf on input line 156.
LaTeX Font Info:    Overwriting math alphabet `\mathsf' in version `normal'
(Font)                  OT1/cmss/m/n --> OT1/cmss/m/n on input line 156.
LaTeX Font Info:    Overwriting math alphabet `\mathsf' in version `bold'
(Font)                  OT1/cmss/bx/n --> OT1/cmss/m/n on input line 156.
LaTeX Font Info:    Redeclaring math alphabet \mathit on input line 156.
LaTeX Font Info:    Overwriting math alphabet `\mathit' in version `normal'
(Font)                  OT1/cmr/m/it --> OT1/cmss/m/it on input line 156.
LaTeX Font Info:    Overwriting math alphabet `\mathit' in version `bold'
(Font)                  OT1/cmr/bx/it --> OT1/cmss/m/it on input line 156.
LaTeX Font Info:    Redeclaring math alphabet \mathtt on input line 156.
LaTeX Font Info:    Overwriting math alphabet `\mathtt' in version `normal'
(Font)                  OT1/cmtt/m/n --> OT1/cmtt/m/n on input line 156.
LaTeX Font Info:    Overwriting math alphabet `\mathtt' in version `bold'
(Font)                  OT1/cmtt/m/n --> OT1/cmtt/m/n on input line 156.
LaTeX Font Info:    Overwriting symbol font `numbers' in version `bold'
(Font)                  OT1/cmss/m/n --> OT1/cmss/b/n on input line 156.
LaTeX Font Info:    Overwriting symbol font `pureletters' in version `bold'
(Font)                  OT1/cmss/m/it --> OT1/cmss/b/it on input line 156.
LaTeX Font Info:    Overwriting math alphabet `\mathrm' in version `bold'
(Font)                  OT1/cmss/b/n --> OT1/cmr/b/n on input line 156.
LaTeX Font Info:    Overwriting math alphabet `\mathbf' in version `bold'
(Font)                  OT1/cmss/b/n --> OT1/cmss/b/n on input line 156.
LaTeX Font Info:    Overwriting math alphabet `\mathsf' in version `bold'
(Font)                  OT1/cmss/m/n --> OT1/cmss/b/n on input line 156.
LaTeX Font Info:    Overwriting math alphabet `\mathit' in version `bold'
(Font)                  OT1/cmss/m/it --> OT1/cmss/b/it on input line 156.
LaTeX Font Info:    Overwriting math alphabet `\mathtt' in version `bold'
(Font)                  OT1/cmtt/m/n --> OT1/cmtt/b/n on input line 156.
LaTeX Font Info:    Redeclaring symbol font `pureletters' on input line 156.
LaTeX Font Info:    Overwriting symbol font `pureletters' in version `normal'
(Font)                  OT1/cmss/m/it --> OT1/mathkerncmss/m/sl on input line 156.
LaTeX Font Info:    Overwriting symbol font `pureletters' in version `bold'
(Font)                  OT1/cmss/b/it --> OT1/mathkerncmss/m/sl on input line 156.
LaTeX Font Info:    Overwriting symbol font `pureletters' in version `bold'
(Font)                  OT1/mathkerncmss/m/sl --> OT1/mathkerncmss/bx/sl on input line 156.
 (C:\Users\alber\AppData\Local\Programs\MiKTeX\tex/latex/translator\translator-basic-dictionary-English.dict
Dictionary: translator-basic-dictionary, Language: English 
) (C:\Users\alber\AppData\Local\Programs\MiKTeX\tex/latex/translator\translator-bibliography-dictionary-English.dict
Dictionary: translator-bibliography-dictionary, Language: English 
) (C:\Users\alber\AppData\Local\Programs\MiKTeX\tex/latex/translator\translator-environment-dictionary-English.dict
Dictionary: translator-environment-dictionary, Language: English 
) (C:\Users\alber\AppData\Local\Programs\MiKTeX\tex/latex/translator\translator-months-dictionary-English.dict
Dictionary: translator-months-dictionary, Language: English 
) (C:\Users\alber\AppData\Local\Programs\MiKTeX\tex/latex/translator\translator-numbers-dictionary-English.dict
Dictionary: translator-numbers-dictionary, Language: English 
) (C:\Users\alber\AppData\Local\Programs\MiKTeX\tex/latex/translator\translator-theorem-dictionary-English.dict
Dictionary: translator-theorem-dictionary, Language: English 
)
LaTeX Info: Redefining \. on input line 156.
LaTeX Info: Redefining \% on input line 156.
 (c:\ALBERTO\3) UNIVERSITY\TFG\PRESENTACION\build\Plantilla_LaTeX_Beamer_TFG_Presentacion_ETSII_URJC.nav)

LaTeX Font Warning: Font shape `OT1/cmss/bx/sc' undefined
(Font)              using `OT1/cmss/bx/n' instead on input line 156.

<logo_ETSII_estrecho.jpg, id=148, 3613.5pt x 828.09375pt>
File: logo_ETSII_estrecho.jpg Graphic file (type jpg)
<use logo_ETSII_estrecho.jpg>
Package pdftex.def Info: logo_ETSII_estrecho.jpg  used on input line 161.
(pdftex.def)             Requested size: 124.1145pt x 28.45274pt.
[1

{C:/Users/alber/AppData/Local/MiKTeX/pdftex/config/pdftex.map} <./logo_ETSII_estrecho.jpg>] (c:\ALBERTO\3) UNIVERSITY\TFG\PRESENTACION\build\Plantilla_LaTeX_Beamer_TFG_Presentacion_ETSII_URJC.toc
LaTeX Info: Redefining \. on input line 1.
LaTeX Info: Redefining \% on input line 1.
)
<logoURJC_marca_agua_U.jpg, id=179, 1071.83536pt x 754.2545pt>
File: logoURJC_marca_agua_U.jpg Graphic file (type jpg)
<use logoURJC_marca_agua_U.jpg>
Package pdftex.def Info: logoURJC_marca_agua_U.jpg  used on input line 181.
(pdftex.def)             Requested size: 364.19536pt x 256.28201pt.
<icono_grado_informatica.png, id=180, 397.87355pt x 397.87355pt>
File: icono_grado_informatica.png Graphic file (type png)
<use icono_grado_informatica.png>
Package pdftex.def Info: icono_grado_informatica.png  used on input line 181.
(pdftex.def)             Requested size: 14.22447pt x 14.22636pt.
 [2

 <./icono_grado_informatica.png> <./logoURJC_marca_agua_U.jpg>]
File: logoURJC_marca_agua_U.jpg Graphic file (type jpg)
<use logoURJC_marca_agua_U.jpg>
Package pdftex.def Info: logoURJC_marca_agua_U.jpg  used on input line 189.
(pdftex.def)             Requested size: 364.19536pt x 256.28201pt.
File: icono_grado_informatica.png Graphic file (type png)
<use icono_grado_informatica.png>
Package pdftex.def Info: icono_grado_informatica.png  used on input line 189.
(pdftex.def)             Requested size: 14.22447pt x 14.22636pt.
 [3

]
File: logoURJC_marca_agua_U.jpg Graphic file (type jpg)
<use logoURJC_marca_agua_U.jpg>
Package pdftex.def Info: logoURJC_marca_agua_U.jpg  used on input line 210.
(pdftex.def)             Requested size: 364.19536pt x 256.28201pt.
File: icono_grado_informatica.png Graphic file (type png)
<use icono_grado_informatica.png>
Package pdftex.def Info: icono_grado_informatica.png  used on input line 210.
(pdftex.def)             Requested size: 14.22447pt x 14.22636pt.
 [4

]
<assets/Design Thinking/LeanDesignAgile.png, id=377, 1284.8pt x 722.7pt>
File: assets/Design Thinking/LeanDesignAgile.png Graphic file (type png)
<use assets/Design Thinking/LeanDesignAgile.png>
Package pdftex.def Info: assets/Design Thinking/LeanDesignAgile.png  used on input line 218.
(pdftex.def)             Requested size: 307.28987pt x 172.84503pt.
File: logoURJC_marca_agua_U.jpg Graphic file (type jpg)
<use logoURJC_marca_agua_U.jpg>
Package pdftex.def Info: logoURJC_marca_agua_U.jpg  used on input line 218.
(pdftex.def)             Requested size: 364.19536pt x 256.28201pt.
File: icono_grado_informatica.png Graphic file (type png)
<use icono_grado_informatica.png>
Package pdftex.def Info: icono_grado_informatica.png  used on input line 218.
(pdftex.def)             Requested size: 14.22447pt x 14.22636pt.
 [5

 <./assets/Design Thinking/LeanDesignAgile.png (PNG copy)>]
<assets/Design Thinking/Etapas.png, id=431, 636.12656pt x 290.58563pt>
File: assets/Design Thinking/Etapas.png Graphic file (type png)
<use assets/Design Thinking/Etapas.png>
Package pdftex.def Info: assets/Design Thinking/Etapas.png  used on input line 226.
(pdftex.def)             Requested size: 307.28987pt x 140.37074pt.
File: logoURJC_marca_agua_U.jpg Graphic file (type jpg)
<use logoURJC_marca_agua_U.jpg>
Package pdftex.def Info: logoURJC_marca_agua_U.jpg  used on input line 226.
(pdftex.def)             Requested size: 364.19536pt x 256.28201pt.
File: icono_grado_informatica.png Graphic file (type png)
<use icono_grado_informatica.png>
Package pdftex.def Info: icono_grado_informatica.png  used on input line 226.
(pdftex.def)             Requested size: 14.22447pt x 14.22636pt.
 [6

 <./assets/Design Thinking/Etapas.png>]
<assets/Design Thinking/MindMap.jpg, id=486, 648.17157pt x 662.475pt>
File: assets/Design Thinking/MindMap.jpg Graphic file (type jpg)
<use assets/Design Thinking/MindMap.jpg>
Package pdftex.def Info: assets/Design Thinking/MindMap.jpg  used on input line 232.
(pdftex.def)             Requested size: 196.66533pt x 201.00835pt.
File: logoURJC_marca_agua_U.jpg Graphic file (type jpg)
<use logoURJC_marca_agua_U.jpg>
Package pdftex.def Info: logoURJC_marca_agua_U.jpg  used on input line 232.
(pdftex.def)             Requested size: 364.19536pt x 256.28201pt.
File: icono_grado_informatica.png Graphic file (type png)
<use icono_grado_informatica.png>
Package pdftex.def Info: icono_grado_informatica.png  used on input line 232.
(pdftex.def)             Requested size: 14.22447pt x 14.22636pt.
 [7

 <./assets/Design Thinking/MindMap.jpg>]
<assets/Design Thinking/MosCow.jpg, id=541, 1045.9075pt x 962.59625pt>
File: assets/Design Thinking/MosCow.jpg Graphic file (type jpg)
<use assets/Design Thinking/MosCow.jpg>
Package pdftex.def Info: assets/Design Thinking/MosCow.jpg  used on input line 238.
(pdftex.def)             Requested size: 215.10196pt x 197.96509pt.
File: logoURJC_marca_agua_U.jpg Graphic file (type jpg)
<use logoURJC_marca_agua_U.jpg>
Package pdftex.def Info: logoURJC_marca_agua_U.jpg  used on input line 238.
(pdftex.def)             Requested size: 364.19536pt x 256.28201pt.
File: icono_grado_informatica.png Graphic file (type png)
<use icono_grado_informatica.png>
Package pdftex.def Info: icono_grado_informatica.png  used on input line 238.
(pdftex.def)             Requested size: 14.22447pt x 14.22636pt.
 [8

 <./assets/Design Thinking/MosCow.jpg>]
<assets/Design Thinking/Prototipo/Small/Prototipo1.jpg, id=595, 1324.95pt x 759.83875pt>
File: assets/Design Thinking/Prototipo/Small/Prototipo1.jpg Graphic file (type jpg)
<use assets/Design Thinking/Prototipo/Small/Prototipo1.jpg>
Package pdftex.def Info: assets/Design Thinking/Prototipo/Small/Prototipo1.jpg  used on input line 244.
(pdftex.def)             Requested size: 276.559pt x 158.59692pt.
File: logoURJC_marca_agua_U.jpg Graphic file (type jpg)
<use logoURJC_marca_agua_U.jpg>
Package pdftex.def Info: logoURJC_marca_agua_U.jpg  used on input line 244.
(pdftex.def)             Requested size: 364.19536pt x 256.28201pt.
File: icono_grado_informatica.png Graphic file (type png)
<use icono_grado_informatica.png>
Package pdftex.def Info: icono_grado_informatica.png  used on input line 244.
(pdftex.def)             Requested size: 14.22447pt x 14.22636pt.
 [9

 <./assets/Design Thinking/Prototipo/Small/Prototipo1.jpg>]
<assets/Lean Startup/CircuitoFeedback.png, id=649, 878.28125pt x 702.625pt>
File: assets/Lean Startup/CircuitoFeedback.png Graphic file (type png)
<use assets/Lean Startup/CircuitoFeedback.png>
Package pdftex.def Info: assets/Lean Startup/CircuitoFeedback.png  used on input line 252.
(pdftex.def)             Requested size: 245.83282pt x 196.6586pt.
File: logoURJC_marca_agua_U.jpg Graphic file (type jpg)
<use logoURJC_marca_agua_U.jpg>
Package pdftex.def Info: logoURJC_marca_agua_U.jpg  used on input line 252.
(pdftex.def)             Requested size: 364.19536pt x 256.28201pt.
File: icono_grado_informatica.png Graphic file (type png)
<use icono_grado_informatica.png>
Package pdftex.def Info: icono_grado_informatica.png  used on input line 252.
(pdftex.def)             Requested size: 14.22447pt x 14.22636pt.
 [10

 <./assets/Lean Startup/CircuitoFeedback.png (PNG copy)>]
<assets/Scrum/Scrum.png, id=703, 1044.90375pt x 621.07031pt>
File: assets/Scrum/Scrum.png Graphic file (type png)
<use assets/Scrum/Scrum.png>
Package pdftex.def Info: assets/Scrum/Scrum.png  used on input line 260.
(pdftex.def)             Requested size: 307.28987pt x 182.64554pt.
File: logoURJC_marca_agua_U.jpg Graphic file (type jpg)
<use logoURJC_marca_agua_U.jpg>
Package pdftex.def Info: logoURJC_marca_agua_U.jpg  used on input line 260.
(pdftex.def)             Requested size: 364.19536pt x 256.28201pt.
File: icono_grado_informatica.png Graphic file (type png)
<use icono_grado_informatica.png>
Package pdftex.def Info: icono_grado_informatica.png  used on input line 260.
(pdftex.def)             Requested size: 14.22447pt x 14.22636pt.
 [11

 <./assets/Scrum/Scrum.png>]
<assets/Scrum/UserStoryMap.jpg, id=758, 1844.39063pt x 733.23938pt>
File: assets/Scrum/UserStoryMap.jpg Graphic file (type jpg)
<use assets/Scrum/UserStoryMap.jpg>
Package pdftex.def Info: assets/Scrum/UserStoryMap.jpg  used on input line 265.
(pdftex.def)             Requested size: 307.28987pt x 122.15405pt.
File: logoURJC_marca_agua_U.jpg Graphic file (type jpg)
<use logoURJC_marca_agua_U.jpg>
Package pdftex.def Info: logoURJC_marca_agua_U.jpg  used on input line 265.
(pdftex.def)             Requested size: 364.19536pt x 256.28201pt.
File: icono_grado_informatica.png Graphic file (type png)
<use icono_grado_informatica.png>
Package pdftex.def Info: icono_grado_informatica.png  used on input line 265.
(pdftex.def)             Requested size: 14.22447pt x 14.22636pt.
 [12

 <./assets/Scrum/UserStoryMap.jpg>]
<assets/Scrum/ScrumBoard.png, id=812, 834.86906pt x 556.32843pt>
File: assets/Scrum/ScrumBoard.png Graphic file (type png)
<use assets/Scrum/ScrumBoard.png>
Package pdftex.def Info: assets/Scrum/ScrumBoard.png  used on input line 270.
(pdftex.def)             Requested size: 307.28987pt x 204.76869pt.
File: logoURJC_marca_agua_U.jpg Graphic file (type jpg)
<use logoURJC_marca_agua_U.jpg>
Package pdftex.def Info: logoURJC_marca_agua_U.jpg  used on input line 270.
(pdftex.def)             Requested size: 364.19536pt x 256.28201pt.
File: icono_grado_informatica.png Graphic file (type png)
<use icono_grado_informatica.png>
Package pdftex.def Info: icono_grado_informatica.png  used on input line 270.
(pdftex.def)             Requested size: 14.22447pt x 14.22636pt.
 [13

 <./assets/Scrum/ScrumBoard.png>]
<assets/Scrum/UserStory.png, id=868, 429.10312pt x 660.96938pt>
File: assets/Scrum/UserStory.png Graphic file (type png)
<use assets/Scrum/UserStory.png>
Package pdftex.def Info: assets/Scrum/UserStory.png  used on input line 275.
(pdftex.def)             Requested size: 184.3758pt x 283.9995pt.

Overfull \vbox (67.92365pt too high) detected at line 275
 []

File: logoURJC_marca_agua_U.jpg Graphic file (type jpg)
<use logoURJC_marca_agua_U.jpg>
Package pdftex.def Info: logoURJC_marca_agua_U.jpg  used on input line 275.
(pdftex.def)             Requested size: 364.19536pt x 256.28201pt.
File: icono_grado_informatica.png Graphic file (type png)
<use icono_grado_informatica.png>
Package pdftex.def Info: icono_grado_informatica.png  used on input line 275.
(pdftex.def)             Requested size: 14.22447pt x 14.22636pt.
[14

 <./assets/Scrum/UserStory.png>]
<assets/DevOps/DevOps.png, id=923, 1204.5pt x 559.08875pt>
File: assets/DevOps/DevOps.png Graphic file (type png)
<use assets/DevOps/DevOps.png>
Package pdftex.def Info: assets/DevOps/DevOps.png  used on input line 283.
(pdftex.def)             Requested size: 307.28987pt x 142.62971pt.
File: logoURJC_marca_agua_U.jpg Graphic file (type jpg)
<use logoURJC_marca_agua_U.jpg>
Package pdftex.def Info: logoURJC_marca_agua_U.jpg  used on input line 283.
(pdftex.def)             Requested size: 364.19536pt x 256.28201pt.
File: icono_grado_informatica.png Graphic file (type png)
<use icono_grado_informatica.png>
Package pdftex.def Info: icono_grado_informatica.png  used on input line 283.
(pdftex.def)             Requested size: 14.22447pt x 14.22636pt.
 [15

 <./assets/DevOps/DevOps.png>]
<assets/DevOps/GitFlow.png, id=978, 702.625pt x 387.4475pt>
File: assets/DevOps/GitFlow.png Graphic file (type png)
<use assets/DevOps/GitFlow.png>
Package pdftex.def Info: assets/DevOps/GitFlow.png  used on input line 288.
(pdftex.def)             Requested size: 307.28987pt x 169.45465pt.
File: logoURJC_marca_agua_U.jpg Graphic file (type jpg)
<use logoURJC_marca_agua_U.jpg>
Package pdftex.def Info: logoURJC_marca_agua_U.jpg  used on input line 288.
(pdftex.def)             Requested size: 364.19536pt x 256.28201pt.
File: icono_grado_informatica.png Graphic file (type png)
<use icono_grado_informatica.png>
Package pdftex.def Info: icono_grado_informatica.png  used on input line 288.
(pdftex.def)             Requested size: 14.22447pt x 14.22636pt.
 [16

 <./assets/DevOps/GitFlow.png (PNG copy)>]
<assets/DevOps/DPS.png, id=1032, 1138.2525pt x 925.4575pt>
File: assets/DevOps/DPS.png Graphic file (type png)
<use assets/DevOps/DPS.png>
Package pdftex.def Info: assets/DevOps/DPS.png  used on input line 293.
(pdftex.def)             Requested size: 245.83282pt x 199.87325pt.
File: logoURJC_marca_agua_U.jpg Graphic file (type jpg)
<use logoURJC_marca_agua_U.jpg>
Package pdftex.def Info: logoURJC_marca_agua_U.jpg  used on input line 293.
(pdftex.def)             Requested size: 364.19536pt x 256.28201pt.
File: icono_grado_informatica.png Graphic file (type png)
<use icono_grado_informatica.png>
Package pdftex.def Info: icono_grado_informatica.png  used on input line 293.
(pdftex.def)             Requested size: 14.22447pt x 14.22636pt.
 [17

 <./assets/DevOps/DPS.png>]
File: logoURJC_marca_agua_U.jpg Graphic file (type jpg)
<use logoURJC_marca_agua_U.jpg>
Package pdftex.def Info: logoURJC_marca_agua_U.jpg  used on input line 313.
(pdftex.def)             Requested size: 364.19536pt x 256.28201pt.
File: icono_grado_informatica.png Graphic file (type png)
<use icono_grado_informatica.png>
Package pdftex.def Info: icono_grado_informatica.png  used on input line 313.
(pdftex.def)             Requested size: 14.22447pt x 14.22636pt.
 [18

]
<assets/Detalles de Implementacin/Arquitectura.jpg, id=1138, 1718.42pt x 1318.9275pt>
File: assets/Detalles de Implementacin/Arquitectura.jpg Graphic file (type jpg)
<use assets/Detalles de Implementacin/Arquitectura.jpg>
Package pdftex.def Info: assets/Detalles de Implementacin/Arquitectura.jpg  used on input line 320.
(pdftex.def)             Requested size: 261.19826pt x 200.46698pt.
File: logoURJC_marca_agua_U.jpg Graphic file (type jpg)
<use logoURJC_marca_agua_U.jpg>
Package pdftex.def Info: logoURJC_marca_agua_U.jpg  used on input line 320.
(pdftex.def)             Requested size: 364.19536pt x 256.28201pt.
File: icono_grado_informatica.png Graphic file (type png)
<use icono_grado_informatica.png>
Package pdftex.def Info: icono_grado_informatica.png  used on input line 320.
(pdftex.def)             Requested size: 14.22447pt x 14.22636pt.
 [19

 <./assets/Detalles de Implementacin/Arquitectura.jpg>]
<assets/Detalles de Implementacin/Estructura de Archivos/ArchivosConfig.png, id=1193, 549.55313pt x 298.86656pt>
File: assets/Detalles de Implementacin/Estructura de Archivos/ArchivosConfig.png Graphic file (type png)
<use assets/Detalles de Implementacin/Estructura de Archivos/ArchivosConfig.png>
Package pdftex.def Info: assets/Detalles de Implementacin/Estructura de Archivos/ArchivosConfig.png  used on input line 327.
(pdftex.def)             Requested size: 307.28987pt x 167.11786pt.
File: logoURJC_marca_agua_U.jpg Graphic file (type jpg)
<use logoURJC_marca_agua_U.jpg>
Package pdftex.def Info: logoURJC_marca_agua_U.jpg  used on input line 327.
(pdftex.def)             Requested size: 364.19536pt x 256.28201pt.
File: icono_grado_informatica.png Graphic file (type png)
<use icono_grado_informatica.png>
Package pdftex.def Info: icono_grado_informatica.png  used on input line 327.
(pdftex.def)             Requested size: 14.22447pt x 14.22636pt.
 [20

 <./assets/Detalles de Implementacin/Estructura de Archivos/ArchivosConfig.png>]
<assets/Detalles de Implementacin/Code/Types/Instrument.png, id=1248, 531.48563pt x 159.59625pt>
File: assets/Detalles de Implementacin/Code/Types/Instrument.png Graphic file (type png)
<use assets/Detalles de Implementacin/Code/Types/Instrument.png>
Package pdftex.def Info: assets/Detalles de Implementacin/Code/Types/Instrument.png  used on input line 335.
(pdftex.def)             Requested size: 307.28987pt x 92.27608pt.
<assets/Detalles de Implementacin/Code/Types/Noteplayer-small.png, id=1250, 806.26219pt x 269.50688pt>
File: assets/Detalles de Implementacin/Code/Types/Noteplayer-small.png Graphic file (type png)
<use assets/Detalles de Implementacin/Code/Types/Noteplayer-small.png>
Package pdftex.def Info: assets/Detalles de Implementacin/Code/Types/Noteplayer-small.png  used on input line 335.
(pdftex.def)             Requested size: 307.28987pt x 102.71799pt.
File: logoURJC_marca_agua_U.jpg Graphic file (type jpg)
<use logoURJC_marca_agua_U.jpg>
Package pdftex.def Info: logoURJC_marca_agua_U.jpg  used on input line 335.
(pdftex.def)             Requested size: 364.19536pt x 256.28201pt.
File: icono_grado_informatica.png Graphic file (type png)
<use icono_grado_informatica.png>
Package pdftex.def Info: icono_grado_informatica.png  used on input line 335.
(pdftex.def)             Requested size: 14.22447pt x 14.22636pt.
 [21

 <./assets/Detalles de Implementacin/Code/Types/Instrument.png> <./assets/Detalles de Implementacin/Code/Types/Noteplayer-small.png>]
<assets/Detalles de Implementacin/Code/Types/VariantExercise.png, id=1307, 532.99126pt x 65.49469pt>
File: assets/Detalles de Implementacin/Code/Types/VariantExercise.png Graphic file (type png)
<use assets/Detalles de Implementacin/Code/Types/VariantExercise.png>
Package pdftex.def Info: assets/Detalles de Implementacin/Code/Types/VariantExercise.png  used on input line 340.
(pdftex.def)             Requested size: 307.28987pt x 37.76106pt.
<assets/Detalles de Implementacin/Code/Types/Answer.png, id=1309, 532.23843pt x 237.13594pt>
File: assets/Detalles de Implementacin/Code/Types/Answer.png Graphic file (type png)
<use assets/Detalles de Implementacin/Code/Types/Answer.png>
Package pdftex.def Info: assets/Detalles de Implementacin/Code/Types/Answer.png  used on input line 340.
(pdftex.def)             Requested size: 307.28987pt x 136.91295pt.
File: logoURJC_marca_agua_U.jpg Graphic file (type jpg)
<use logoURJC_marca_agua_U.jpg>
Package pdftex.def Info: logoURJC_marca_agua_U.jpg  used on input line 340.
(pdftex.def)             Requested size: 364.19536pt x 256.28201pt.
File: icono_grado_informatica.png Graphic file (type png)
<use icono_grado_informatica.png>
Package pdftex.def Info: icono_grado_informatica.png  used on input line 340.
(pdftex.def)             Requested size: 14.22447pt x 14.22636pt.
 [22

 <./assets/Detalles de Implementacin/Code/Types/VariantExercise.png> <./assets/Detalles de Implementacin/Code/Types/Answer.png>]
File: logoURJC_marca_agua_U.jpg Graphic file (type jpg)
<use logoURJC_marca_agua_U.jpg>
Package pdftex.def Info: logoURJC_marca_agua_U.jpg  used on input line 353.
(pdftex.def)             Requested size: 364.19536pt x 256.28201pt.
File: icono_grado_informatica.png Graphic file (type png)
<use icono_grado_informatica.png>
Package pdftex.def Info: icono_grado_informatica.png  used on input line 353.
(pdftex.def)             Requested size: 14.22447pt x 14.22636pt.
 [23

]
File: logoURJC_marca_agua_U.jpg Graphic file (type jpg)
<use logoURJC_marca_agua_U.jpg>
Package pdftex.def Info: logoURJC_marca_agua_U.jpg  used on input line 363.
(pdftex.def)             Requested size: 364.19536pt x 256.28201pt.
File: icono_grado_informatica.png Graphic file (type png)
<use icono_grado_informatica.png>
Package pdftex.def Info: icono_grado_informatica.png  used on input line 363.
(pdftex.def)             Requested size: 14.22447pt x 14.22636pt.
 [24

]
<assets/Detalles de Implementacin/JerarquaComponentes.jpg, id=1468, 1410.26875pt x 713.66624pt>
File: assets/Detalles de Implementacin/JerarquaComponentes.jpg Graphic file (type jpg)
<use assets/Detalles de Implementacin/JerarquaComponentes.jpg>
Package pdftex.def Info: assets/Detalles de Implementacin/JerarquaComponentes.jpg  used on input line 368.
(pdftex.def)             Requested size: 307.28987pt x 155.50427pt.
File: logoURJC_marca_agua_U.jpg Graphic file (type jpg)
<use logoURJC_marca_agua_U.jpg>
Package pdftex.def Info: logoURJC_marca_agua_U.jpg  used on input line 368.
(pdftex.def)             Requested size: 364.19536pt x 256.28201pt.
File: icono_grado_informatica.png Graphic file (type png)
<use icono_grado_informatica.png>
Package pdftex.def Info: icono_grado_informatica.png  used on input line 368.
(pdftex.def)             Requested size: 14.22447pt x 14.22636pt.
 [25

 <./assets/Detalles de Implementacin/JerarquaComponentes.jpg>]
<assets/Detalles de Implementacin/Code/Pages/Page1.png, id=1523, 530.73282pt x 262.73157pt>
File: assets/Detalles de Implementacin/Code/Pages/Page1.png Graphic file (type png)
<use assets/Detalles de Implementacin/Code/Pages/Page1.png>
Package pdftex.def Info: assets/Detalles de Implementacin/Code/Pages/Page1.png  used on input line 374.
(pdftex.def)             Requested size: 307.28987pt x 152.11981pt.
File: logoURJC_marca_agua_U.jpg Graphic file (type jpg)
<use logoURJC_marca_agua_U.jpg>
Package pdftex.def Info: logoURJC_marca_agua_U.jpg  used on input line 374.
(pdftex.def)             Requested size: 364.19536pt x 256.28201pt.
File: icono_grado_informatica.png Graphic file (type png)
<use icono_grado_informatica.png>
Package pdftex.def Info: icono_grado_informatica.png  used on input line 374.
(pdftex.def)             Requested size: 14.22447pt x 14.22636pt.
 [26

 <./assets/Detalles de Implementacin/Code/Pages/Page1.png>]
<assets/Detalles de Implementacin/Code/Pages/Page2.png, id=1578, 530.73282pt x 374.90062pt>
File: assets/Detalles de Implementacin/Code/Pages/Page2.png Graphic file (type png)
<use assets/Detalles de Implementacin/Code/Pages/Page2.png>
Package pdftex.def Info: assets/Detalles de Implementacin/Code/Pages/Page2.png  used on input line 380.
(pdftex.def)             Requested size: 307.28987pt x 217.06496pt.

Overfull \vbox (12.9891pt too high) detected at line 380
 []

File: logoURJC_marca_agua_U.jpg Graphic file (type jpg)
<use logoURJC_marca_agua_U.jpg>
Package pdftex.def Info: logoURJC_marca_agua_U.jpg  used on input line 380.
(pdftex.def)             Requested size: 364.19536pt x 256.28201pt.
File: icono_grado_informatica.png Graphic file (type png)
<use icono_grado_informatica.png>
Package pdftex.def Info: icono_grado_informatica.png  used on input line 380.
(pdftex.def)             Requested size: 14.22447pt x 14.22636pt.
[27

 <./assets/Detalles de Implementacin/Code/Pages/Page2.png>]
<assets/Detalles de Implementacin/Code/Components/Component.png, id=1633, 807.015pt x 597.73312pt>
File: assets/Detalles de Implementacin/Code/Components/Component.png Graphic file (type png)
<use assets/Detalles de Implementacin/Code/Components/Component.png>
Package pdftex.def Info: assets/Detalles de Implementacin/Code/Components/Component.png  used on input line 385.
(pdftex.def)             Requested size: 307.28987pt x 227.59697pt.

Overfull \vbox (11.52112pt too high) detected at line 385
 []

File: logoURJC_marca_agua_U.jpg Graphic file (type jpg)
<use logoURJC_marca_agua_U.jpg>
Package pdftex.def Info: logoURJC_marca_agua_U.jpg  used on input line 385.
(pdftex.def)             Requested size: 364.19536pt x 256.28201pt.
File: icono_grado_informatica.png Graphic file (type png)
<use icono_grado_informatica.png>
Package pdftex.def Info: icono_grado_informatica.png  used on input line 385.
(pdftex.def)             Requested size: 14.22447pt x 14.22636pt.
[28

 <./assets/Detalles de Implementacin/Code/Components/Component.png>]
File: logoURJC_marca_agua_U.jpg Graphic file (type jpg)
<use logoURJC_marca_agua_U.jpg>
Package pdftex.def Info: logoURJC_marca_agua_U.jpg  used on input line 399.
(pdftex.def)             Requested size: 364.19536pt x 256.28201pt.
File: icono_grado_informatica.png Graphic file (type png)
<use icono_grado_informatica.png>
Package pdftex.def Info: icono_grado_informatica.png  used on input line 399.
(pdftex.def)             Requested size: 14.22447pt x 14.22636pt.
 [29

]
<assets/Detalles de Implementacin/PWA/InstalarPWA.png, id=1739, 283.0575pt x 218.31563pt>
File: assets/Detalles de Implementacin/PWA/InstalarPWA.png Graphic file (type png)
<use assets/Detalles de Implementacin/PWA/InstalarPWA.png>
Package pdftex.def Info: assets/Detalles de Implementacin/PWA/InstalarPWA.png  used on input line 406.
(pdftex.def)             Requested size: 153.64493pt x 118.50494pt.
File: logoURJC_marca_agua_U.jpg Graphic file (type jpg)
<use logoURJC_marca_agua_U.jpg>
Package pdftex.def Info: logoURJC_marca_agua_U.jpg  used on input line 406.
(pdftex.def)             Requested size: 364.19536pt x 256.28201pt.
File: icono_grado_informatica.png Graphic file (type png)
<use icono_grado_informatica.png>
Package pdftex.def Info: icono_grado_informatica.png  used on input line 406.
(pdftex.def)             Requested size: 14.22447pt x 14.22636pt.
 [30

 <./assets/Detalles de Implementacin/PWA/InstalarPWA.png>]
<assets/Capturas Earfit/PC/Intervals.png, id=1794, 1397.22pt x 890.32625pt>
File: assets/Capturas Earfit/PC/Intervals.png Graphic file (type png)
<use assets/Capturas Earfit/PC/Intervals.png>
Package pdftex.def Info: assets/Capturas Earfit/PC/Intervals.png  used on input line 412.
(pdftex.def)             Requested size: 307.28987pt x 195.80444pt.
File: logoURJC_marca_agua_U.jpg Graphic file (type jpg)
<use logoURJC_marca_agua_U.jpg>
Package pdftex.def Info: logoURJC_marca_agua_U.jpg  used on input line 412.
(pdftex.def)             Requested size: 364.19536pt x 256.28201pt.
File: icono_grado_informatica.png Graphic file (type png)
<use icono_grado_informatica.png>
Package pdftex.def Info: icono_grado_informatica.png  used on input line 412.
(pdftex.def)             Requested size: 14.22447pt x 14.22636pt.
 [31

 <./assets/Capturas Earfit/PC/Intervals.png>]
<assets/Lighthouse/Resumen.png, id=1850, 983.92593pt x 185.94469pt>
File: assets/Lighthouse/Resumen.png Graphic file (type png)
<use assets/Lighthouse/Resumen.png>
Package pdftex.def Info: assets/Lighthouse/Resumen.png  used on input line 428.
(pdftex.def)             Requested size: 307.28987pt x 58.07068pt.
File: logoURJC_marca_agua_U.jpg Graphic file (type jpg)
<use logoURJC_marca_agua_U.jpg>
Package pdftex.def Info: logoURJC_marca_agua_U.jpg  used on input line 428.
(pdftex.def)             Requested size: 364.19536pt x 256.28201pt.
File: icono_grado_informatica.png Graphic file (type png)
<use icono_grado_informatica.png>
Package pdftex.def Info: icono_grado_informatica.png  used on input line 428.
(pdftex.def)             Requested size: 14.22447pt x 14.22636pt.
 [32

 <./assets/Lighthouse/Resumen.png>]
<assets/Vercel/VercelAnalytics.png, id=1905, 766.36313pt x 459.96844pt>
File: assets/Vercel/VercelAnalytics.png Graphic file (type png)
<use assets/Vercel/VercelAnalytics.png>
Package pdftex.def Info: assets/Vercel/VercelAnalytics.png  used on input line 434.
(pdftex.def)             Requested size: 307.28987pt x 184.4333pt.
File: logoURJC_marca_agua_U.jpg Graphic file (type jpg)
<use logoURJC_marca_agua_U.jpg>
Package pdftex.def Info: logoURJC_marca_agua_U.jpg  used on input line 434.
(pdftex.def)             Requested size: 364.19536pt x 256.28201pt.
File: icono_grado_informatica.png Graphic file (type png)
<use icono_grado_informatica.png>
Package pdftex.def Info: icono_grado_informatica.png  used on input line 434.
(pdftex.def)             Requested size: 14.22447pt x 14.22636pt.
 [33

 <./assets/Vercel/VercelAnalytics.png>]
File: logoURJC_marca_agua_U.jpg Graphic file (type jpg)
<use logoURJC_marca_agua_U.jpg>
Package pdftex.def Info: logoURJC_marca_agua_U.jpg  used on input line 452.
(pdftex.def)             Requested size: 364.19536pt x 256.28201pt.
File: icono_grado_informatica.png Graphic file (type png)
<use icono_grado_informatica.png>
Package pdftex.def Info: icono_grado_informatica.png  used on input line 452.
(pdftex.def)             Requested size: 14.22447pt x 14.22636pt.
 [34

]
File: logoURJC_marca_agua_U.jpg Graphic file (type jpg)
<use logoURJC_marca_agua_U.jpg>
Package pdftex.def Info: logoURJC_marca_agua_U.jpg  used on input line 462.
(pdftex.def)             Requested size: 364.19536pt x 256.28201pt.
File: icono_grado_informatica.png Graphic file (type png)
<use icono_grado_informatica.png>
Package pdftex.def Info: icono_grado_informatica.png  used on input line 462.
(pdftex.def)             Requested size: 14.22447pt x 14.22636pt.
 [35

]
File: logoURJC_marca_agua_U.jpg Graphic file (type jpg)
<use logoURJC_marca_agua_U.jpg>
Package pdftex.def Info: logoURJC_marca_agua_U.jpg  used on input line 469.
(pdftex.def)             Requested size: 364.19536pt x 256.28201pt.
File: icono_grado_informatica.png Graphic file (type png)
<use icono_grado_informatica.png>
Package pdftex.def Info: icono_grado_informatica.png  used on input line 469.
(pdftex.def)             Requested size: 14.22447pt x 14.22636pt.
 [36

]
File: logo_ETSII_estrecho.jpg Graphic file (type jpg)
<use logo_ETSII_estrecho.jpg>
Package pdftex.def Info: logo_ETSII_estrecho.jpg  used on input line 499.
(pdftex.def)             Requested size: 124.1145pt x 28.45274pt.
<fondo_blanco.jpg, id=2113, 693.18127pt x 387.81506pt>
File: fondo_blanco.jpg Graphic file (type jpg)
<use fondo_blanco.jpg>
Package pdftex.def Info: fondo_blanco.jpg  used on input line 499.
(pdftex.def)             Requested size: 364.19536pt x 203.75981pt.
 [37

 <./fondo_blanco.jpg>]
LaTeX Font Info:    Trying to load font information for U+msa on input line 516.
 (C:\Users\alber\AppData\Local\Programs\MiKTeX\tex/latex/amsfonts\umsa.fd
File: umsa.fd 2013/01/14 v3.01 AMS symbols A
)
LaTeX Font Info:    Trying to load font information for U+msb on input line 516.
 (C:\Users\alber\AppData\Local\Programs\MiKTeX\tex/latex/amsfonts\umsb.fd
File: umsb.fd 2013/01/14 v3.01 AMS symbols B
)
LaTeX Font Info:    Trying to load font information for OT1+mathkerncmss on input line 516.
 (C:\Users\alber\AppData\Local\Programs\MiKTeX\tex/latex/sansmathaccent\ot1mathkerncmss.fd
File: ot1mathkerncmss.fd 2020/01/31 Fontinst v1.933 font definitions for OT1/mathkerncmss.
)
LaTeX Font Info:    Font shape `OT1/cmss/b/n' in size <10.95> not available
(Font)              Font shape `OT1/cmss/bx/n' tried instead on input line 516.
LaTeX Font Info:    Font shape `OT1/cmss/b/n' in size <8> not available
(Font)              Font shape `OT1/cmss/bx/n' tried instead on input line 516.
LaTeX Font Info:    Font shape `OT1/cmss/b/n' in size <6> not available
(Font)              Font shape `OT1/cmss/bx/n' tried instead on input line 516.
LaTeX Font Info:    Font shape `OT1/cmss/b/n' in size <5> not available
(Font)              Font shape `OT1/cmss/bx/n' tried instead on input line 516.
LaTeX Font Info:    Font shape `OT1/cmss/b/n' in size <10> not available
(Font)              Font shape `OT1/cmss/bx/n' tried instead on input line 516.
LaTeX Font Info:    Font shape `OT1/cmss/b/n' in size <7> not available
(Font)              Font shape `OT1/cmss/bx/n' tried instead on input line 516.
File: fondo_blanco.jpg Graphic file (type jpg)
<use fondo_blanco.jpg>
Package pdftex.def Info: fondo_blanco.jpg  used on input line 516.
(pdftex.def)             Requested size: 364.19536pt x 203.75981pt.
File: icono_grado_informatica.png Graphic file (type png)
<use icono_grado_informatica.png>
Package pdftex.def Info: icono_grado_informatica.png  used on input line 516.
(pdftex.def)             Requested size: 14.22447pt x 14.22636pt.
 [38

]
<triangulos_separados_bb.pdf, id=2173, 396.48125pt x 251.94125pt>
File: triangulos_separados_bb.pdf Graphic file (type pdf)
<use triangulos_separados_bb.pdf>
Package pdftex.def Info: triangulos_separados_bb.pdf  used on input line 544.
(pdftex.def)             Requested size: 138.2795pt x 87.86935pt.
File: fondo_blanco.jpg Graphic file (type jpg)
<use fondo_blanco.jpg>
Package pdftex.def Info: fondo_blanco.jpg  used on input line 544.
(pdftex.def)             Requested size: 364.19536pt x 203.75981pt.
File: icono_grado_informatica.png Graphic file (type png)
<use icono_grado_informatica.png>
Package pdftex.def Info: icono_grado_informatica.png  used on input line 544.
(pdftex.def)             Requested size: 14.22447pt x 14.22636pt.
 [39

 <./triangulos_separados_bb.pdf>]
\tf@nav=\write6
\openout6 = `Plantilla_LaTeX_Beamer_TFG_Presentacion_ETSII_URJC.nav'.

\tf@toc=\write7
\openout7 = `Plantilla_LaTeX_Beamer_TFG_Presentacion_ETSII_URJC.toc'.

\tf@snm=\write8
\openout8 = `Plantilla_LaTeX_Beamer_TFG_Presentacion_ETSII_URJC.snm'.

 (c:\ALBERTO\3) UNIVERSITY\TFG\PRESENTACION\build\Plantilla_LaTeX_Beamer_TFG_Presentacion_ETSII_URJC.aux
LaTeX Info: Redefining \. on input line 25.
LaTeX Info: Redefining \% on input line 25.
)

LaTeX Font Warning: Some font shapes were not available, defaults substituted.

Package rerunfilecheck Info: File `Plantilla_LaTeX_Beamer_TFG_Presentacion_ETSII_URJC.out' has not changed.
(rerunfilecheck)             Checksum: F17E27178607DAE3933AD69A719A0F3B;2033.
 ) 
Here is how much of TeX's memory you used:
 23531 strings out of 478927
 454409 string characters out of 2852535
 788881 words of memory out of 3000000
 40707 multiletter control sequences out of 15000+600000
 418183 words of font info for 79 fonts, out of 8000000 for 9000
 1141 hyphenation exceptions out of 8191
 128i,20n,124p,499b,897s stack positions out of 5000i,500n,10000p,200000b,80000s
<C:/Users/alber/AppData/Local/Programs/MiKTeX/fonts/type1/public/amsfonts/cm/cmr9.pfb><C:/Users/alber/AppData/Local/Programs/MiKTeX/fonts/type1/public/amsfonts/cm/cmss10.pfb><C:/Users/alber/AppData/Local/Programs/MiKTeX/fonts/type1/public/amsfonts/cm/cmss8.pfb><C:/Users/alber/AppData/Local/Programs/MiKTeX/fonts/type1/public/amsfonts/cm/cmss9.pfb><C:/Users/alber/AppData/Local/Programs/MiKTeX/fonts/type1/public/amsfonts/cm/cmssbx10.pfb><C:/Users/alber/AppData/Local/Programs/MiKTeX/fonts/type1/public/amsfonts/cm/cmssi10.pfb><C:/Users/alber/AppData/Local/Programs/MiKTeX/fonts/type1/public/amsfonts/cm/cmssi8.pfb><C:/Users/alber/AppData/Local/Programs/MiKTeX/fonts/type1/public/amsfonts/cm/cmssi9.pfb>
Output written on "c:\ALBERTO\3) UNIVERSITY\TFG\PRESENTACION\build\Plantilla_LaTeX_Beamer_TFG_Presentacion_ETSII_URJC.pdf" (39 pages, 3098698 bytes).
PDF statistics:
 2287 PDF objects out of 2487 (max. 8388607)
 96 named destinations out of 1000 (max. 500000)
 817 words of extra memory for PDF output out of 10000 (max. 10000000)

